2018-05-08 14:57:09,606 [Worker-7] INFO  c.g.t.t.d.PublishedGradleVersions - Gradle version information cache is up-to-date. Trying to read.
2018-05-08 17:03:14,361 [Start Help Server] INFO  org.eclipse.jetty.util.log - Logging initialized @7595334ms to org.eclipse.jetty.util.log.Slf4jLog
2018-05-08 17:03:14,506 [Start Help Server] INFO  org.eclipse.jetty.server.Server - jetty-9.4.8.v20171121, build timestamp: 2017-11-21T22:27:37+01:00, git hash: 82b8fb23f757335bb3329d540ce37a2a2615f0a8
2018-05-08 17:03:14,528 [Start Help Server] INFO  org.eclipse.jetty.server.session - DefaultSessionIdManager workerName=node0
2018-05-08 17:03:14,528 [Start Help Server] INFO  org.eclipse.jetty.server.session - No SessionScavenger set, using defaults
2018-05-08 17:03:14,529 [Start Help Server] INFO  org.eclipse.jetty.server.session - Scavenging every 600000ms
2018-05-08 17:03:14,558 [Start Help Server] INFO  o.e.j.server.handler.ContextHandler - Started o.e.j.s.ServletContextHandler@4a2e5f93{/help,null,AVAILABLE}
2018-05-08 17:03:14,591 [Start Help Server] INFO  o.e.jetty.server.AbstractConnector - Started ServerConnector@3b1a3e8c{HTTP/1.1,[http/1.1]}{127.0.0.1:12787}
2018-05-08 17:03:14,592 [Start Help Server] INFO  org.eclipse.jetty.server.Server - Started @7595564ms
2018-05-08 17:38:49,617 [Stop Help Server] INFO  o.e.jetty.server.AbstractConnector - Stopped ServerConnector@3b1a3e8c{HTTP/1.1,[http/1.1]}{127.0.0.1:0}
2018-05-08 17:38:49,619 [Stop Help Server] INFO  org.eclipse.jetty.server.session - Stopped scavenging
2018-05-08 17:38:49,639 [Stop Help Server] INFO  o.e.j.server.handler.ContextHandler - Stopped o.e.j.s.ServletContextHandler@4a2e5f93{/help,null,UNAVAILABLE}
2018-05-11 21:34:36,719 [Worker-6] INFO  c.g.t.t.d.PublishedGradleVersions - Gradle version information cache is out-of-date. Trying to update.
2018-05-11 21:38:28,485 [Worker-3] INFO  c.g.t.t.d.PublishedGradleVersions - Gradle version information cache is up-to-date. Trying to read.
2018-05-11 21:53:24,851 [Worker-3] INFO  c.g.t.t.d.PublishedGradleVersions - Gradle version information cache is up-to-date. Trying to read.
2018-05-18 14:36:51,348 [Worker-0] INFO  c.g.t.t.d.PublishedGradleVersions - Gradle version information cache is out-of-date. Trying to update.
2018-05-18 15:22:34,106 [Worker-4] INFO  c.g.t.t.d.PublishedGradleVersions - Gradle version information cache is up-to-date. Trying to read.
2018-05-18 15:34:21,086 [Worker-2] INFO  c.g.t.t.d.PublishedGradleVersions - Gradle version information cache is up-to-date. Trying to read.
2018-05-18 15:44:30,976 [Worker-6] INFO  c.g.t.t.d.PublishedGradleVersions - Gradle version information cache is up-to-date. Trying to read.
2018-05-18 15:47:47,753 [Worker-20] INFO  c.g.t.t.d.PublishedGradleVersions - Gradle version information cache is up-to-date. Trying to read.
2018-05-18 15:59:04,201 [Worker-11] INFO  c.g.t.t.d.PublishedGradleVersions - Gradle version information cache is up-to-date. Trying to read.
2018-05-18 16:00:34,586 [Worker-1] INFO  c.g.t.t.d.PublishedGradleVersions - Gradle version information cache is up-to-date. Trying to read.
2018-05-18 16:08:06,025 [Worker-6] INFO  c.g.t.t.d.PublishedGradleVersions - Gradle version information cache is up-to-date. Trying to read.
2018-05-18 16:13:23,968 [Worker-0] INFO  c.g.t.t.d.PublishedGradleVersions - Gradle version information cache is up-to-date. Trying to read.
2018-05-18 16:20:28,319 [Worker-5] INFO  c.g.t.t.d.PublishedGradleVersions - Gradle version information cache is up-to-date. Trying to read.
2018-05-18 17:06:48,063 [Worker-4] INFO  c.g.t.t.d.PublishedGradleVersions - Gradle version information cache is up-to-date. Trying to read.
2018-05-18 17:08:18,464 [Worker-3] INFO  c.g.t.t.d.PublishedGradleVersions - Gradle version information cache is up-to-date. Trying to read.
2018-05-18 17:11:23,655 [Worker-3] INFO  c.g.t.t.d.PublishedGradleVersions - Gradle version information cache is up-to-date. Trying to read.
