#
# A fatal error has been detected by the Java Runtime Environment:
#
#  EXCEPTION_ACCESS_VIOLATION (0xc0000005) at pc=0x000000007110b5db, pid=14796, tid=20128
#
# JRE version: Java(TM) SE Runtime Environment (10.0.1+10) (build 10.0.1+10)
# Java VM: Java HotSpot(TM) 64-Bit Server VM (10.0.1+10, mixed mode, tiered, compressed oops, g1 gc, windows-amd64)
# Problematic frame:
# C  [jSSC-2.8_x86_64.dll+0xb5db]
#
# No core dump will be written. Minidumps are not enabled by default on client versions of Windows
#
# If you would like to submit a bug report, please visit:
#   http://bugreport.java.com/bugreport/crash.jsp
# The crash happened outside the Java Virtual Machine in native code.
# See problematic frame for where to report the bug.
#

---------------  S U M M A R Y ------------

Command Line: FoClass

Host: Intel(R) Core(TM) i7-6700HQ CPU @ 2.60GHz, 8 cores, 7G,  Windows 10 , 64 bit Build 16299 (10.0.16299.431)
Time: Fri May 18 16:55:24 2018 Közép-európai nyári ido  elapsed time: 31 seconds (0d 0h 0m 31s)

---------------  T H R E A D  ---------------

Current thread (0x000002248e1d1000):  JavaThread "main" [_thread_in_native, id=20128, stack(0x00000035e8900000,0x00000035e8a00000)]

Stack: [0x00000035e8900000,0x00000035e8a00000],  sp=0x00000035e89ff4f0,  free space=1021k
Native frames: (J=compiled Java code, j=interpreted, Vv=VM code, C=native code)
C  [jSSC-2.8_x86_64.dll+0xb5db]

Java frames: (J=compiled Java code, j=interpreted, Vv=VM code)
j  jssc.SerialNativeInterface.openPort(Ljava/lang/String;Z)J+0
j  jssc.SerialPort.openPort()Z+65
j  SorosPort.Kezfogas()V+63
j  FoClass.main([Ljava/lang/String;)V+85
v  ~StubRoutines::call_stub

siginfo: EXCEPTION_ACCESS_VIOLATION (0xc0000005), reading address 0xffffffff8c391b64


Register to memory mapping:

RIP=0x000000007110b5db jSSC-2.8_x86_64.dll
RAX=0xffffffff8c391b64 is an unknown value
RBX=0x00000035e89ff560 is pointing into the stack for thread: 0x000002248e1d1000
RCX=0x00007ffcade904a4 ntdll.dll
RDX=0x0000000000000000 is an unknown value
RSP=0x00000035e89ff4f0 is pointing into the stack for thread: 0x000002248e1d1000
RBP=0x00000035e89ff670 is pointing into the stack for thread: 0x000002248e1d1000
RSI=0x000002248e1d1270 is an unknown value
RDI=0x00000000000005e8 is an unknown value
R8 =0x00000035e89ff3e8 is pointing into the stack for thread: 0x000002248e1d1000
R9 =0x00000035e89ff4e0 is pointing into the stack for thread: 0x000002248e1d1000
R10=0x0000000000000000 is an unknown value
R11=0x0000000000000246 is an unknown value
R12=0x00000035e89ff728 is pointing into the stack for thread: 0x000002248e1d1000
R13=0x00000224acd3ed80 is an unknown value
R14=0x00000035e89ff620 is pointing into the stack for thread: 0x000002248e1d1000
R15=0x000002248e1d1000 is a thread


Registers:
RAX=0xffffffff8c391b64, RBX=0x00000035e89ff560, RCX=0x00007ffcade904a4, RDX=0x0000000000000000
RSP=0x00000035e89ff4f0, RBP=0x00000035e89ff670, RSI=0x000002248e1d1270, RDI=0x00000000000005e8
R8 =0x00000035e89ff3e8, R9 =0x00000035e89ff4e0, R10=0x0000000000000000, R11=0x0000000000000246
R12=0x00000035e89ff728, R13=0x00000224acd3ed80, R14=0x00000035e89ff620, R15=0x000002248e1d1000
RIP=0x000000007110b5db, EFLAGS=0x0000000000010206

Top of Stack: (sp=0x00000035e89ff4f0)
0x00000035e89ff4f0:   0000000000000000 00007ffcade16876
0x00000035e89ff500:   000000007110b230 00000035e89ff620
0x00000035e89ff510:   00000035e89ff728 0000000000000004
0x00000035e89ff520:   000002248e1d1270 00000000000005e8
0x00000035e89ff530:   00000035e89ff670 0000000071112590
0x00000035e89ff540:   00000224acd3eb10 00000035e89ff728
0x00000035e89ff550:   00000000c0000000 0000000000000000
0x00000035e89ff560:   00000000000005e8 00007ffcaa231b25
0x00000035e89ff570:   000002248e1d1000 00000035e89ff620
0x00000035e89ff580:   00000035e89ff728 00000000000005e8
0x00000035e89ff590:   0000000071113500 0000000071113be8
0x00000035e89ff5a0:   00000035e89ff5d0 0000000071112641
0x00000035e89ff5b0:   00000035e89ff540 0000000040000000
0x00000035e89ff5c0:   0000000000000000 0000000000000000
0x00000035e89ff5d0:   00000035e89ff670 0000000071101595
0x00000035e89ff5e0:   000000000000001c 000002248e1d1270 

Instructions: (pc=0x000000007110b5db)
0x000000007110b5bb:   c5 0f 1f 40 00 55 57 56 53 48 83 ec 28 48 8b 05
0x000000007110b5cb:   39 33 01 00 48 89 cb 48 85 c0 0f 84 c5 00 00 00
0x000000007110b5db:   8b 38 85 ff 0f 88 ab 00 00 00 48 8b 05 1c 33 01
0x000000007110b5eb:   00 48 85 c0 0f 84 bc 00 00 00 8b 30 85 f6 74 57 



---------------  P R O C E S S  ---------------

Threads class SMR info:
_java_thread_list=0x00000224acd203e0, length=16, elements={
0x000002248e1d1000, 0x00000224ac27d000, 0x00000224ac27a800, 0x00000224aca87800,
0x00000224aca8a000, 0x00000224aca8c000, 0x00000224aca8e800, 0x00000224aca8f800,
0x00000224aca90800, 0x00000224acaa1000, 0x00000224acc59800, 0x00000224acc5b800,
0x00000224acc58800, 0x00000224acc5f000, 0x00000224acc5c800, 0x00000224acc5d000
}

Java Threads: ( => current thread )
=>0x000002248e1d1000 JavaThread "main" [_thread_in_native, id=20128, stack(0x00000035e8900000,0x00000035e8a00000)]
  0x00000224ac27d000 JavaThread "Reference Handler" daemon [_thread_blocked, id=16236, stack(0x00000035e9f00000,0x00000035ea000000)]
  0x00000224ac27a800 JavaThread "Finalizer" daemon [_thread_blocked, id=8916, stack(0x00000035ea000000,0x00000035ea100000)]
  0x00000224aca87800 JavaThread "Signal Dispatcher" daemon [_thread_blocked, id=20424, stack(0x00000035ea100000,0x00000035ea200000)]
  0x00000224aca8a000 JavaThread "Attach Listener" daemon [_thread_blocked, id=19728, stack(0x00000035ea200000,0x00000035ea300000)]
  0x00000224aca8c000 JavaThread "C2 CompilerThread0" daemon [_thread_blocked, id=2780, stack(0x00000035ea300000,0x00000035ea400000)]
  0x00000224aca8e800 JavaThread "C2 CompilerThread1" daemon [_thread_blocked, id=4828, stack(0x00000035ea400000,0x00000035ea500000)]
  0x00000224aca8f800 JavaThread "C2 CompilerThread2" daemon [_thread_blocked, id=17392, stack(0x00000035ea500000,0x00000035ea600000)]
  0x00000224aca90800 JavaThread "C1 CompilerThread3" daemon [_thread_blocked, id=22096, stack(0x00000035ea600000,0x00000035ea700000)]
  0x00000224acaa1000 JavaThread "Sweeper thread" daemon [_thread_blocked, id=2144, stack(0x00000035ea700000,0x00000035ea800000)]
  0x00000224acc59800 JavaThread "Service Thread" daemon [_thread_blocked, id=2892, stack(0x00000035ea800000,0x00000035ea900000)]
  0x00000224acc5b800 JavaThread "Common-Cleaner" daemon [_thread_blocked, id=15132, stack(0x00000035ea900000,0x00000035eaa00000)]
  0x00000224acc58800 JavaThread "Thread-19" [_thread_blocked, id=16820, stack(0x00000035eab00000,0x00000035eac00000)]
  0x00000224acc5f000 JavaThread "Thread-20" [_thread_in_native, id=1396, stack(0x00000035eac00000,0x00000035ead00000)]
  0x00000224acc5c800 JavaThread "Thread-21" [_thread_blocked, id=18836, stack(0x00000035ead00000,0x00000035eae00000)]
  0x00000224acc5d000 JavaThread "Thread-22" [_thread_in_native, id=13496, stack(0x00000035eae00000,0x00000035eaf00000)]

Other Threads:
  0x00000224ac23e800 VMThread "VM Thread" [stack: 0x00000035e9e00000,0x00000035e9f00000] [id=21016]
  0x00000224acc6e000 WatcherThread [stack: 0x00000035eaa00000,0x00000035eab00000] [id=14524]
  0x000002248e1eb000 GCTaskThread "GC Thread#0" [stack: 0x00000035e8a00000,0x00000035e8b00000] [id=15072]
  0x000002248e1ec800 GCTaskThread "GC Thread#1" [stack: 0x00000035e8b00000,0x00000035e8c00000] [id=15724]
  0x000002248e1ef000 GCTaskThread "GC Thread#2" [stack: 0x00000035e8c00000,0x00000035e8d00000] [id=12396]
  0x000002248e1f1800 GCTaskThread "GC Thread#3" [stack: 0x00000035e8d00000,0x00000035e8e00000] [id=19328]
  0x000002248e1f4800 GCTaskThread "GC Thread#4" [stack: 0x00000035e8e00000,0x00000035e8f00000] [id=20968]
  0x000002248e1f9800 GCTaskThread "GC Thread#5" [stack: 0x00000035e8f00000,0x00000035e9000000] [id=9452]
  0x000002248e1fd800 GCTaskThread "GC Thread#6" [stack: 0x00000035e9000000,0x00000035e9100000] [id=18168]
  0x000002248e1ff000 GCTaskThread "GC Thread#7" [stack: 0x00000035e9100000,0x00000035e9200000] [id=17892]
  0x000002248e27b000 ConcurrentGCThread "G1 Main Marker" [stack: 0x00000035e9200000,0x00000035e9300000] [id=7912]
  0x000002248e203000 ConcurrentGCThread "G1 Conc#0" [stack: 0x00000035e9300000,0x00000035e9400000] [id=4212]
  0x000002248e201800 ConcurrentGCThread "G1 Conc#1" [stack: 0x00000035e9400000,0x00000035e9500000] [id=14052]
  0x00000224ac0cd800 ConcurrentGCThread "G1 Refine#0" [stack: 0x00000035e9500000,0x00000035e9600000] [id=22184]
  0x00000224ac0d0800 ConcurrentGCThread "G1 Refine#1" [stack: 0x00000035e9600000,0x00000035e9700000] [id=8736]
  0x00000224ac0d1000 ConcurrentGCThread "G1 Refine#2" [stack: 0x00000035e9700000,0x00000035e9800000] [id=15416]
  0x00000224ac0da000 ConcurrentGCThread "G1 Refine#3" [stack: 0x00000035e9800000,0x00000035e9900000] [id=10212]
  0x00000224ac0dc800 ConcurrentGCThread "G1 Refine#4" [stack: 0x00000035e9900000,0x00000035e9a00000] [id=3500]
  0x00000224ac0de000 ConcurrentGCThread "G1 Refine#5" [stack: 0x00000035e9a00000,0x00000035e9b00000] [id=14828]
  0x00000224ac0f0000 ConcurrentGCThread "G1 Refine#6" [stack: 0x00000035e9b00000,0x00000035e9c00000] [id=16932]
  0x000002248e200800 ConcurrentGCThread "G1 Refine#7" [stack: 0x00000035e9c00000,0x00000035e9d00000] [id=20152]
  0x00000224ac0f1800 ConcurrentGCThread "G1 Young RemSet Sampling" [stack: 0x00000035e9d00000,0x00000035e9e00000] [id=1088]

Threads with active compile tasks:

VM state:not at safepoint (normal execution)

VM Mutex/Monitor currently owned by a thread: None

Heap address: 0x0000000081a00000, size: 2022 MB, Compressed Oops mode: 32-bit
Narrow klass base: 0x0000000000000000, Narrow klass shift: 3
Compressed class space size: 1073741824 Address: 0x0000000100000000

Heap:
 garbage-first heap   total 131072K, used 5120K [0x0000000081a00000, 0x0000000100000000)
  region size 1024K, 6 young (6144K), 0 survivors (0K)
 Metaspace       used 7260K, capacity 7493K, committed 7680K, reserved 1056768K
  class space    used 684K, capacity 753K, committed 768K, reserved 1048576K
Heap Regions: E=young(eden), S=young(survivor), O=old, HS=humongous(starts), HC=humongous(continues), CS=collection set, F=free, A=archive, TS=gc time stamp, AC=allocation context, TAMS=top-at-mark-start (previous, next)
|   0|0x0000000081a00000, 0x0000000081a00000, 0x0000000081b00000|  0%| F|  |TS  0|AC  0|TAMS 0x0000000081a00000, 0x0000000081a00000|
|   1|0x0000000081b00000, 0x0000000081b00000, 0x0000000081c00000|  0%| F|  |TS  0|AC  0|TAMS 0x0000000081b00000, 0x0000000081b00000|
|   2|0x0000000081c00000, 0x0000000081c00000, 0x0000000081d00000|  0%| F|  |TS  0|AC  0|TAMS 0x0000000081c00000, 0x0000000081c00000|
|   3|0x0000000081d00000, 0x0000000081d00000, 0x0000000081e00000|  0%| F|  |TS  0|AC  0|TAMS 0x0000000081d00000, 0x0000000081d00000|
|   4|0x0000000081e00000, 0x0000000081e00000, 0x0000000081f00000|  0%| F|  |TS  0|AC  0|TAMS 0x0000000081e00000, 0x0000000081e00000|
|   5|0x0000000081f00000, 0x0000000081f00000, 0x0000000082000000|  0%| F|  |TS  0|AC  0|TAMS 0x0000000081f00000, 0x0000000081f00000|
|   6|0x0000000082000000, 0x0000000082000000, 0x0000000082100000|  0%| F|  |TS  0|AC  0|TAMS 0x0000000082000000, 0x0000000082000000|
|   7|0x0000000082100000, 0x0000000082100000, 0x0000000082200000|  0%| F|  |TS  0|AC  0|TAMS 0x0000000082100000, 0x0000000082100000|
|   8|0x0000000082200000, 0x0000000082200000, 0x0000000082300000|  0%| F|  |TS  0|AC  0|TAMS 0x0000000082200000, 0x0000000082200000|
|   9|0x0000000082300000, 0x0000000082300000, 0x0000000082400000|  0%| F|  |TS  0|AC  0|TAMS 0x0000000082300000, 0x0000000082300000|
|  10|0x0000000082400000, 0x0000000082400000, 0x0000000082500000|  0%| F|  |TS  0|AC  0|TAMS 0x0000000082400000, 0x0000000082400000|
|  11|0x0000000082500000, 0x0000000082500000, 0x0000000082600000|  0%| F|  |TS  0|AC  0|TAMS 0x0000000082500000, 0x0000000082500000|
|  12|0x0000000082600000, 0x0000000082600000, 0x0000000082700000|  0%| F|  |TS  0|AC  0|TAMS 0x0000000082600000, 0x0000000082600000|
|  13|0x0000000082700000, 0x0000000082700000, 0x0000000082800000|  0%| F|  |TS  0|AC  0|TAMS 0x0000000082700000, 0x0000000082700000|
|  14|0x0000000082800000, 0x0000000082800000, 0x0000000082900000|  0%| F|  |TS  0|AC  0|TAMS 0x0000000082800000, 0x0000000082800000|
|  15|0x0000000082900000, 0x0000000082900000, 0x0000000082a00000|  0%| F|  |TS  0|AC  0|TAMS 0x0000000082900000, 0x0000000082900000|
|  16|0x0000000082a00000, 0x0000000082a00000, 0x0000000082b00000|  0%| F|  |TS  0|AC  0|TAMS 0x0000000082a00000, 0x0000000082a00000|
|  17|0x0000000082b00000, 0x0000000082b00000, 0x0000000082c00000|  0%| F|  |TS  0|AC  0|TAMS 0x0000000082b00000, 0x0000000082b00000|
|  18|0x0000000082c00000, 0x0000000082c00000, 0x0000000082d00000|  0%| F|  |TS  0|AC  0|TAMS 0x0000000082c00000, 0x0000000082c00000|
|  19|0x0000000082d00000, 0x0000000082d00000, 0x0000000082e00000|  0%| F|  |TS  0|AC  0|TAMS 0x0000000082d00000, 0x0000000082d00000|
|  20|0x0000000082e00000, 0x0000000082e00000, 0x0000000082f00000|  0%| F|  |TS  0|AC  0|TAMS 0x0000000082e00000, 0x0000000082e00000|
|  21|0x0000000082f00000, 0x0000000082f00000, 0x0000000083000000|  0%| F|  |TS  0|AC  0|TAMS 0x0000000082f00000, 0x0000000082f00000|
|  22|0x0000000083000000, 0x0000000083000000, 0x0000000083100000|  0%| F|  |TS  0|AC  0|TAMS 0x0000000083000000, 0x0000000083000000|
|  23|0x0000000083100000, 0x0000000083100000, 0x0000000083200000|  0%| F|  |TS  0|AC  0|TAMS 0x0000000083100000, 0x0000000083100000|
|  24|0x0000000083200000, 0x0000000083200000, 0x0000000083300000|  0%| F|  |TS  0|AC  0|TAMS 0x0000000083200000, 0x0000000083200000|
|  25|0x0000000083300000, 0x0000000083300000, 0x0000000083400000|  0%| F|  |TS  0|AC  0|TAMS 0x0000000083300000, 0x0000000083300000|
|  26|0x0000000083400000, 0x0000000083400000, 0x0000000083500000|  0%| F|  |TS  0|AC  0|TAMS 0x0000000083400000, 0x0000000083400000|
|  27|0x0000000083500000, 0x0000000083500000, 0x0000000083600000|  0%| F|  |TS  0|AC  0|TAMS 0x0000000083500000, 0x0000000083500000|
|  28|0x0000000083600000, 0x0000000083600000, 0x0000000083700000|  0%| F|  |TS  0|AC  0|TAMS 0x0000000083600000, 0x0000000083600000|
|  29|0x0000000083700000, 0x0000000083700000, 0x0000000083800000|  0%| F|  |TS  0|AC  0|TAMS 0x0000000083700000, 0x0000000083700000|
|  30|0x0000000083800000, 0x0000000083800000, 0x0000000083900000|  0%| F|  |TS  0|AC  0|TAMS 0x0000000083800000, 0x0000000083800000|
|  31|0x0000000083900000, 0x0000000083900000, 0x0000000083a00000|  0%| F|  |TS  0|AC  0|TAMS 0x0000000083900000, 0x0000000083900000|
|  32|0x0000000083a00000, 0x0000000083a00000, 0x0000000083b00000|  0%| F|  |TS  0|AC  0|TAMS 0x0000000083a00000, 0x0000000083a00000|
|  33|0x0000000083b00000, 0x0000000083b00000, 0x0000000083c00000|  0%| F|  |TS  0|AC  0|TAMS 0x0000000083b00000, 0x0000000083b00000|
|  34|0x0000000083c00000, 0x0000000083c00000, 0x0000000083d00000|  0%| F|  |TS  0|AC  0|TAMS 0x0000000083c00000, 0x0000000083c00000|
|  35|0x0000000083d00000, 0x0000000083d00000, 0x0000000083e00000|  0%| F|  |TS  0|AC  0|TAMS 0x0000000083d00000, 0x0000000083d00000|
|  36|0x0000000083e00000, 0x0000000083e00000, 0x0000000083f00000|  0%| F|  |TS  0|AC  0|TAMS 0x0000000083e00000, 0x0000000083e00000|
|  37|0x0000000083f00000, 0x0000000083f00000, 0x0000000084000000|  0%| F|  |TS  0|AC  0|TAMS 0x0000000083f00000, 0x0000000083f00000|
|  38|0x0000000084000000, 0x0000000084000000, 0x0000000084100000|  0%| F|  |TS  0|AC  0|TAMS 0x0000000084000000, 0x0000000084000000|
|  39|0x0000000084100000, 0x0000000084100000, 0x0000000084200000|  0%| F|  |TS  0|AC  0|TAMS 0x0000000084100000, 0x0000000084100000|
|  40|0x0000000084200000, 0x0000000084200000, 0x0000000084300000|  0%| F|  |TS  0|AC  0|TAMS 0x0000000084200000, 0x0000000084200000|
|  41|0x0000000084300000, 0x0000000084300000, 0x0000000084400000|  0%| F|  |TS  0|AC  0|TAMS 0x0000000084300000, 0x0000000084300000|
|  42|0x0000000084400000, 0x0000000084400000, 0x0000000084500000|  0%| F|  |TS  0|AC  0|TAMS 0x0000000084400000, 0x0000000084400000|
|  43|0x0000000084500000, 0x0000000084500000, 0x0000000084600000|  0%| F|  |TS  0|AC  0|TAMS 0x0000000084500000, 0x0000000084500000|
|  44|0x0000000084600000, 0x0000000084600000, 0x0000000084700000|  0%| F|  |TS  0|AC  0|TAMS 0x0000000084600000, 0x0000000084600000|
|  45|0x0000000084700000, 0x0000000084700000, 0x0000000084800000|  0%| F|  |TS  0|AC  0|TAMS 0x0000000084700000, 0x0000000084700000|
|  46|0x0000000084800000, 0x0000000084800000, 0x0000000084900000|  0%| F|  |TS  0|AC  0|TAMS 0x0000000084800000, 0x0000000084800000|
|  47|0x0000000084900000, 0x0000000084900000, 0x0000000084a00000|  0%| F|  |TS  0|AC  0|TAMS 0x0000000084900000, 0x0000000084900000|
|  48|0x0000000084a00000, 0x0000000084a00000, 0x0000000084b00000|  0%| F|  |TS  0|AC  0|TAMS 0x0000000084a00000, 0x0000000084a00000|
|  49|0x0000000084b00000, 0x0000000084b00000, 0x0000000084c00000|  0%| F|  |TS  0|AC  0|TAMS 0x0000000084b00000, 0x0000000084b00000|
|  50|0x0000000084c00000, 0x0000000084c00000, 0x0000000084d00000|  0%| F|  |TS  0|AC  0|TAMS 0x0000000084c00000, 0x0000000084c00000|
|  51|0x0000000084d00000, 0x0000000084d00000, 0x0000000084e00000|  0%| F|  |TS  0|AC  0|TAMS 0x0000000084d00000, 0x0000000084d00000|
|  52|0x0000000084e00000, 0x0000000084e00000, 0x0000000084f00000|  0%| F|  |TS  0|AC  0|TAMS 0x0000000084e00000, 0x0000000084e00000|
|  53|0x0000000084f00000, 0x0000000084f00000, 0x0000000085000000|  0%| F|  |TS  0|AC  0|TAMS 0x0000000084f00000, 0x0000000084f00000|
|  54|0x0000000085000000, 0x0000000085000000, 0x0000000085100000|  0%| F|  |TS  0|AC  0|TAMS 0x0000000085000000, 0x0000000085000000|
|  55|0x0000000085100000, 0x0000000085100000, 0x0000000085200000|  0%| F|  |TS  0|AC  0|TAMS 0x0000000085100000, 0x0000000085100000|
|  56|0x0000000085200000, 0x0000000085200000, 0x0000000085300000|  0%| F|  |TS  0|AC  0|TAMS 0x0000000085200000, 0x0000000085200000|
|  57|0x0000000085300000, 0x0000000085300000, 0x0000000085400000|  0%| F|  |TS  0|AC  0|TAMS 0x0000000085300000, 0x0000000085300000|
|  58|0x0000000085400000, 0x0000000085400000, 0x0000000085500000|  0%| F|  |TS  0|AC  0|TAMS 0x0000000085400000, 0x0000000085400000|
|  59|0x0000000085500000, 0x0000000085500000, 0x0000000085600000|  0%| F|  |TS  0|AC  0|TAMS 0x0000000085500000, 0x0000000085500000|
|  60|0x0000000085600000, 0x0000000085600000, 0x0000000085700000|  0%| F|  |TS  0|AC  0|TAMS 0x0000000085600000, 0x0000000085600000|
|  61|0x0000000085700000, 0x0000000085700000, 0x0000000085800000|  0%| F|  |TS  0|AC  0|TAMS 0x0000000085700000, 0x0000000085700000|
|  62|0x0000000085800000, 0x0000000085800000, 0x0000000085900000|  0%| F|  |TS  0|AC  0|TAMS 0x0000000085800000, 0x0000000085800000|
|  63|0x0000000085900000, 0x0000000085900000, 0x0000000085a00000|  0%| F|  |TS  0|AC  0|TAMS 0x0000000085900000, 0x0000000085900000|
|  64|0x0000000085a00000, 0x0000000085a00000, 0x0000000085b00000|  0%| F|  |TS  0|AC  0|TAMS 0x0000000085a00000, 0x0000000085a00000|
|  65|0x0000000085b00000, 0x0000000085b00000, 0x0000000085c00000|  0%| F|  |TS  0|AC  0|TAMS 0x0000000085b00000, 0x0000000085b00000|
|  66|0x0000000085c00000, 0x0000000085c00000, 0x0000000085d00000|  0%| F|  |TS  0|AC  0|TAMS 0x0000000085c00000, 0x0000000085c00000|
|  67|0x0000000085d00000, 0x0000000085d00000, 0x0000000085e00000|  0%| F|  |TS  0|AC  0|TAMS 0x0000000085d00000, 0x0000000085d00000|
|  68|0x0000000085e00000, 0x0000000085e00000, 0x0000000085f00000|  0%| F|  |TS  0|AC  0|TAMS 0x0000000085e00000, 0x0000000085e00000|
|  69|0x0000000085f00000, 0x0000000085f00000, 0x0000000086000000|  0%| F|  |TS  0|AC  0|TAMS 0x0000000085f00000, 0x0000000085f00000|
|  70|0x0000000086000000, 0x0000000086000000, 0x0000000086100000|  0%| F|  |TS  0|AC  0|TAMS 0x0000000086000000, 0x0000000086000000|
|  71|0x0000000086100000, 0x0000000086100000, 0x0000000086200000|  0%| F|  |TS  0|AC  0|TAMS 0x0000000086100000, 0x0000000086100000|
|  72|0x0000000086200000, 0x0000000086200000, 0x0000000086300000|  0%| F|  |TS  0|AC  0|TAMS 0x0000000086200000, 0x0000000086200000|
|  73|0x0000000086300000, 0x0000000086300000, 0x0000000086400000|  0%| F|  |TS  0|AC  0|TAMS 0x0000000086300000, 0x0000000086300000|
|  74|0x0000000086400000, 0x0000000086400000, 0x0000000086500000|  0%| F|  |TS  0|AC  0|TAMS 0x0000000086400000, 0x0000000086400000|
|  75|0x0000000086500000, 0x0000000086500000, 0x0000000086600000|  0%| F|  |TS  0|AC  0|TAMS 0x0000000086500000, 0x0000000086500000|
|  76|0x0000000086600000, 0x0000000086600000, 0x0000000086700000|  0%| F|  |TS  0|AC  0|TAMS 0x0000000086600000, 0x0000000086600000|
|  77|0x0000000086700000, 0x0000000086700000, 0x0000000086800000|  0%| F|  |TS  0|AC  0|TAMS 0x0000000086700000, 0x0000000086700000|
|  78|0x0000000086800000, 0x0000000086800000, 0x0000000086900000|  0%| F|  |TS  0|AC  0|TAMS 0x0000000086800000, 0x0000000086800000|
|  79|0x0000000086900000, 0x0000000086900000, 0x0000000086a00000|  0%| F|  |TS  0|AC  0|TAMS 0x0000000086900000, 0x0000000086900000|
|  80|0x0000000086a00000, 0x0000000086a00000, 0x0000000086b00000|  0%| F|  |TS  0|AC  0|TAMS 0x0000000086a00000, 0x0000000086a00000|
|  81|0x0000000086b00000, 0x0000000086b00000, 0x0000000086c00000|  0%| F|  |TS  0|AC  0|TAMS 0x0000000086b00000, 0x0000000086b00000|
|  82|0x0000000086c00000, 0x0000000086c00000, 0x0000000086d00000|  0%| F|  |TS  0|AC  0|TAMS 0x0000000086c00000, 0x0000000086c00000|
|  83|0x0000000086d00000, 0x0000000086d00000, 0x0000000086e00000|  0%| F|  |TS  0|AC  0|TAMS 0x0000000086d00000, 0x0000000086d00000|
|  84|0x0000000086e00000, 0x0000000086e00000, 0x0000000086f00000|  0%| F|  |TS  0|AC  0|TAMS 0x0000000086e00000, 0x0000000086e00000|
|  85|0x0000000086f00000, 0x0000000086f00000, 0x0000000087000000|  0%| F|  |TS  0|AC  0|TAMS 0x0000000086f00000, 0x0000000086f00000|
|  86|0x0000000087000000, 0x0000000087000000, 0x0000000087100000|  0%| F|  |TS  0|AC  0|TAMS 0x0000000087000000, 0x0000000087000000|
|  87|0x0000000087100000, 0x0000000087100000, 0x0000000087200000|  0%| F|  |TS  0|AC  0|TAMS 0x0000000087100000, 0x0000000087100000|
|  88|0x0000000087200000, 0x0000000087200000, 0x0000000087300000|  0%| F|  |TS  0|AC  0|TAMS 0x0000000087200000, 0x0000000087200000|
|  89|0x0000000087300000, 0x0000000087300000, 0x0000000087400000|  0%| F|  |TS  0|AC  0|TAMS 0x0000000087300000, 0x0000000087300000|
|  90|0x0000000087400000, 0x0000000087400000, 0x0000000087500000|  0%| F|  |TS  0|AC  0|TAMS 0x0000000087400000, 0x0000000087400000|
|  91|0x0000000087500000, 0x0000000087500000, 0x0000000087600000|  0%| F|  |TS  0|AC  0|TAMS 0x0000000087500000, 0x0000000087500000|
|  92|0x0000000087600000, 0x0000000087600000, 0x0000000087700000|  0%| F|  |TS  0|AC  0|TAMS 0x0000000087600000, 0x0000000087600000|
|  93|0x0000000087700000, 0x0000000087700000, 0x0000000087800000|  0%| F|  |TS  0|AC  0|TAMS 0x0000000087700000, 0x0000000087700000|
|  94|0x0000000087800000, 0x0000000087800000, 0x0000000087900000|  0%| F|  |TS  0|AC  0|TAMS 0x0000000087800000, 0x0000000087800000|
|  95|0x0000000087900000, 0x0000000087900000, 0x0000000087a00000|  0%| F|  |TS  0|AC  0|TAMS 0x0000000087900000, 0x0000000087900000|
|  96|0x0000000087a00000, 0x0000000087a00000, 0x0000000087b00000|  0%| F|  |TS  0|AC  0|TAMS 0x0000000087a00000, 0x0000000087a00000|
|  97|0x0000000087b00000, 0x0000000087b00000, 0x0000000087c00000|  0%| F|  |TS  0|AC  0|TAMS 0x0000000087b00000, 0x0000000087b00000|
|  98|0x0000000087c00000, 0x0000000087c00000, 0x0000000087d00000|  0%| F|  |TS  0|AC  0|TAMS 0x0000000087c00000, 0x0000000087c00000|
|  99|0x0000000087d00000, 0x0000000087d00000, 0x0000000087e00000|  0%| F|  |TS  0|AC  0|TAMS 0x0000000087d00000, 0x0000000087d00000|
| 100|0x0000000087e00000, 0x0000000087e00000, 0x0000000087f00000|  0%| F|  |TS  0|AC  0|TAMS 0x0000000087e00000, 0x0000000087e00000|
| 101|0x0000000087f00000, 0x0000000087f00000, 0x0000000088000000|  0%| F|  |TS  0|AC  0|TAMS 0x0000000087f00000, 0x0000000087f00000|
| 102|0x0000000088000000, 0x0000000088000000, 0x0000000088100000|  0%| F|  |TS  0|AC  0|TAMS 0x0000000088000000, 0x0000000088000000|
| 103|0x0000000088100000, 0x0000000088100000, 0x0000000088200000|  0%| F|  |TS  0|AC  0|TAMS 0x0000000088100000, 0x0000000088100000|
| 104|0x0000000088200000, 0x0000000088200000, 0x0000000088300000|  0%| F|  |TS  0|AC  0|TAMS 0x0000000088200000, 0x0000000088200000|
| 105|0x0000000088300000, 0x0000000088300000, 0x0000000088400000|  0%| F|  |TS  0|AC  0|TAMS 0x0000000088300000, 0x0000000088300000|
| 106|0x0000000088400000, 0x0000000088400000, 0x0000000088500000|  0%| F|  |TS  0|AC  0|TAMS 0x0000000088400000, 0x0000000088400000|
| 107|0x0000000088500000, 0x0000000088500000, 0x0000000088600000|  0%| F|  |TS  0|AC  0|TAMS 0x0000000088500000, 0x0000000088500000|
| 108|0x0000000088600000, 0x0000000088600000, 0x0000000088700000|  0%| F|  |TS  0|AC  0|TAMS 0x0000000088600000, 0x0000000088600000|
| 109|0x0000000088700000, 0x0000000088700000, 0x0000000088800000|  0%| F|  |TS  0|AC  0|TAMS 0x0000000088700000, 0x0000000088700000|
| 110|0x0000000088800000, 0x0000000088800000, 0x0000000088900000|  0%| F|  |TS  0|AC  0|TAMS 0x0000000088800000, 0x0000000088800000|
| 111|0x0000000088900000, 0x0000000088900000, 0x0000000088a00000|  0%| F|  |TS  0|AC  0|TAMS 0x0000000088900000, 0x0000000088900000|
| 112|0x0000000088a00000, 0x0000000088a00000, 0x0000000088b00000|  0%| F|  |TS  0|AC  0|TAMS 0x0000000088a00000, 0x0000000088a00000|
| 113|0x0000000088b00000, 0x0000000088b00000, 0x0000000088c00000|  0%| F|  |TS  0|AC  0|TAMS 0x0000000088b00000, 0x0000000088b00000|
| 114|0x0000000088c00000, 0x0000000088c00000, 0x0000000088d00000|  0%| F|  |TS  0|AC  0|TAMS 0x0000000088c00000, 0x0000000088c00000|
| 115|0x0000000088d00000, 0x0000000088d00000, 0x0000000088e00000|  0%| F|  |TS  0|AC  0|TAMS 0x0000000088d00000, 0x0000000088d00000|
| 116|0x0000000088e00000, 0x0000000088e00000, 0x0000000088f00000|  0%| F|  |TS  0|AC  0|TAMS 0x0000000088e00000, 0x0000000088e00000|
| 117|0x0000000088f00000, 0x0000000088f00000, 0x0000000089000000|  0%| F|  |TS  0|AC  0|TAMS 0x0000000088f00000, 0x0000000088f00000|
| 118|0x0000000089000000, 0x0000000089000000, 0x0000000089100000|  0%| F|  |TS  0|AC  0|TAMS 0x0000000089000000, 0x0000000089000000|
| 119|0x0000000089100000, 0x0000000089100000, 0x0000000089200000|  0%| F|  |TS  0|AC  0|TAMS 0x0000000089100000, 0x0000000089100000|
| 120|0x0000000089200000, 0x0000000089200000, 0x0000000089300000|  0%| F|  |TS  0|AC  0|TAMS 0x0000000089200000, 0x0000000089200000|
| 121|0x0000000089300000, 0x0000000089300000, 0x0000000089400000|  0%| F|  |TS  0|AC  0|TAMS 0x0000000089300000, 0x0000000089300000|
| 122|0x0000000089400000, 0x00000000894fdc68, 0x0000000089500000| 99%| E|  |TS  0|AC  0|TAMS 0x0000000089400000, 0x0000000089400000|
| 123|0x0000000089500000, 0x0000000089600000, 0x0000000089600000|100%| E|CS|TS  0|AC  0|TAMS 0x0000000089500000, 0x0000000089500000|
| 124|0x0000000089600000, 0x0000000089700000, 0x0000000089700000|100%| E|CS|TS  0|AC  0|TAMS 0x0000000089600000, 0x0000000089600000|
| 125|0x0000000089700000, 0x0000000089800000, 0x0000000089800000|100%| E|CS|TS  0|AC  0|TAMS 0x0000000089700000, 0x0000000089700000|
| 126|0x0000000089800000, 0x0000000089900000, 0x0000000089900000|100%| E|CS|TS  0|AC  0|TAMS 0x0000000089800000, 0x0000000089800000|
| 127|0x0000000089900000, 0x0000000089a00000, 0x0000000089a00000|100%| E|CS|TS  0|AC  0|TAMS 0x0000000089900000, 0x0000000089900000|

Card table byte_map: [0x00000224a50c0000,0x00000224a54c0000] byte_map_base: 0x00000224a4cb3000

Marking Bits (Prev, Next): (CMBitMap*) 0x000002248e27a4c0, (CMBitMap*) 0x000002248e27a4f8
 Prev Bits: [0x00000224a58c0000, 0x00000224a7858000)
 Next Bits: [0x00000224a7860000, 0x00000224a97f8000)

Polling page: 0x000002248c070000

CodeHeap 'non-profiled nmethods': size=120000Kb used=99Kb max_used=99Kb free=119900Kb
 bounds [0x000002249d450000, 0x000002249d6c0000, 0x00000224a4980000]
CodeHeap 'profiled nmethods': size=120000Kb used=625Kb max_used=625Kb free=119374Kb
 bounds [0x0000022495f20000, 0x0000022496190000, 0x000002249d450000]
CodeHeap 'non-nmethods': size=5760Kb used=1059Kb max_used=1071Kb free=4700Kb
 bounds [0x0000022495980000, 0x0000022495bf0000, 0x0000022495f20000]
 total_blobs=832 nmethods=391 adapters=266
 compilation: enabled

Compilation events (10 events):
Event: 28.667 Thread 0x00000224aca8e800  388       4       java.lang.String::checkBoundsBeginEnd (63 bytes)
Event: 28.668 Thread 0x00000224aca8e800 nmethod 388 0x000002249d468c10 code [0x000002249d468da0, 0x000002249d468e38]
Event: 30.672 Thread 0x00000224aca90800  389       3       java.util.Arrays::copyOf (41 bytes)
Event: 30.672 Thread 0x00000224aca90800 nmethod 389 0x0000022495fb9d90 code [0x0000022495fb9fa0, 0x0000022495fba6b0]
Event: 30.673 Thread 0x00000224aca90800  390   !   3       java.io.PrintWriter::println (27 bytes)
Event: 30.673 Thread 0x00000224aca90800 nmethod 390 0x0000022495fba890 code [0x0000022495fbaac0, 0x0000022495fbb150]
Event: 30.673 Thread 0x00000224aca90800  391       3       java.io.PrintWriter::print (9 bytes)
Event: 30.673 Thread 0x00000224aca90800 nmethod 391 0x0000022495fbb490 code [0x0000022495fbb680, 0x0000022495fbba20]
Event: 30.674 Thread 0x00000224aca90800  392       3       java.lang.Integer::getChars (131 bytes)
Event: 30.674 Thread 0x00000224aca90800 nmethod 392 0x0000022495fbbc10 code [0x0000022495fbbe00, 0x0000022495fbc278]

GC Heap History (0 events):
No events

Deoptimization events (3 events):
Event: 0.084 Thread 0x000002248e1d1000 Uncommon trap: reason=unstable_if action=reinterpret pc=0x000002249d4557f0 method=java.lang.String.hashCode()I @ 14 c2
Event: 0.136 Thread 0x000002248e1d1000 Uncommon trap: reason=unstable_if action=reinterpret pc=0x000002249d45a40c method=java.lang.String.isLatin1()Z @ 10 c2
Event: 2.586 Thread 0x00000224acc5f000 Uncommon trap: reason=unstable_if action=reinterpret pc=0x000002249d45acf8 method=java.lang.String.isLatin1()Z @ 10 c2

Classes redefined (0 events):
No events

Internal exceptions (6 events):
Event: 0.134 Thread 0x000002248e1d1000 Exception <a 'java/lang/NoSuchMethodError'{0x00000000898ab7b0}: java.lang.Object.lambda$negate$3(I)Z> (0x00000000898ab7b0) thrown at [t:/workspace/open/src/hotspot/share/interpreter/linkResolver.cpp, line 741]
Event: 0.135 Thread 0x000002248e1d1000 Exception <a 'java/lang/NoSuchMethodError'{0x00000000898aead0}: java.lang.Object.lambda$and$0(Ljava/util/regex/Pattern$CharPredicate;I)Z> (0x00000000898aead0) thrown at [t:/workspace/open/src/hotspot/share/interpreter/linkResolver.cpp, line 741]
Event: 0.179 Thread 0x000002248e1d1000 Exception <a 'java/lang/NullPointerException'{0x000000008967bad0}> (0x000000008967bad0) thrown at [t:/workspace/open/src/hotspot/share/interpreter/linkResolver.cpp, line 1324]
Event: 0.202 Thread 0x00000224acc58800 Exception <a 'java/lang/NoSuchMethodError'{0x000000008956b798}: method resolution failed> (0x000000008956b798) thrown at [t:/workspace/open/src/hotspot/share/prims/methodHandles.cpp, line 1226]
Event: 0.206 Thread 0x00000224acc58800 Exception <a 'java/lang/NoSuchMethodError'{0x0000000089581968}: java.lang.invoke.DirectMethodHandle$Holder.invokeStatic(Ljava/lang/Object;Ljava/lang/Object;)I> (0x0000000089581968) thrown at [t:/workspace/open/src/hotspot/share/interpreter/linkResolver.cp
Event: 30.816 Thread 0x00000224acc5d000 Exception <a 'java/net/SocketTimeoutException'{0x0000000089610028}: Receive timed out> (0x0000000089610028) thrown at [t:/workspace/open/src/hotspot/share/prims/jni.cpp, line 632]

Events (10 events):
Event: 2.582 loading class java/net/SocketInputStream done
Event: 2.582 loading class java/io/PrintWriter
Event: 2.584 loading class java/io/PrintWriter done
Event: 2.584 loading class java/net/Socket$3
Event: 2.584 loading class java/net/Socket$3 done
Event: 2.584 loading class java/net/SocketOutputStream
Event: 2.584 loading class java/net/SocketOutputStream done
Event: 2.586 Thread 0x00000224acc5f000 Uncommon trap: trap_request=0xffffff55 fr.pc=0x000002249d45acf8 relative=0x0000000000000058
Event: 2.586 Thread 0x00000224acc5f000 DEOPT PACKING pc=0x000002249d45acf8 sp=0x00000035eacff0f0
Event: 2.586 Thread 0x00000224acc5f000 DEOPT UNPACKING pc=0x00000224959a8a2f sp=0x00000035eacff080 mode 2


Dynamic libraries:
0x00007ff6621e0000 - 0x00007ff66221e000 	C:\Program Files (x86)\Common Files\Oracle\Java\javapath\java.exe
0x00007ffcaddf0000 - 0x00007ffcadfd0000 	C:\WINDOWS\SYSTEM32\ntdll.dll
0x00007ffc7a2a0000 - 0x00007ffc7a2d4000 	C:\Program Files\AVAST Software\Avast\x64\aswhooka.dll
0x00007ffcabd50000 - 0x00007ffcabdfe000 	C:\WINDOWS\System32\KERNEL32.DLL
0x00007ffcaa1f0000 - 0x00007ffcaa456000 	C:\WINDOWS\System32\KERNELBASE.dll
0x00007ffcad390000 - 0x00007ffcad431000 	C:\WINDOWS\System32\ADVAPI32.dll
0x00007ffcaba70000 - 0x00007ffcabb0d000 	C:\WINDOWS\System32\msvcrt.dll
0x00007ffcab8b0000 - 0x00007ffcab90b000 	C:\WINDOWS\System32\sechost.dll
0x00007ffcabbe0000 - 0x00007ffcabcff000 	C:\WINDOWS\System32\RPCRT4.dll
0x00007ffcab3e0000 - 0x00007ffcab56f000 	C:\WINDOWS\System32\USER32.dll
0x00007ffcaa7a0000 - 0x00007ffcaa7c0000 	C:\WINDOWS\System32\win32u.dll
0x00007ffcab910000 - 0x00007ffcab938000 	C:\WINDOWS\System32\GDI32.dll
0x00007ffcaa560000 - 0x00007ffcaa6f3000 	C:\WINDOWS\System32\gdi32full.dll
0x00007ffcaa700000 - 0x00007ffcaa79b000 	C:\WINDOWS\System32\msvcp_win.dll
0x00007ffcaa460000 - 0x00007ffcaa556000 	C:\WINDOWS\System32\ucrtbase.dll
0x00007ffc9fa20000 - 0x00007ffc9fc89000 	C:\WINDOWS\WinSxS\amd64_microsoft.windows.common-controls_6595b64144ccf1df_6.0.16299.431_none_15c7d3ee93659e73\COMCTL32.dll
0x00007ffcad5e0000 - 0x00007ffcad8e8000 	C:\WINDOWS\System32\combase.dll
0x00007ffcaa990000 - 0x00007ffcaaa02000 	C:\WINDOWS\System32\bcryptPrimitives.dll
0x00007ffca31a0000 - 0x00007ffca31aa000 	C:\WINDOWS\SYSTEM32\VERSION.dll
0x00007ffcabd20000 - 0x00007ffcabd4d000 	C:\WINDOWS\System32\IMM32.DLL
0x00007ffc7bc00000 - 0x00007ffc7bcef000 	C:\Program Files\Java\jre-10.0.1\bin\msvcr120.dll
0x00007ffc7f560000 - 0x00007ffc7f606000 	C:\Program Files\Java\jre-10.0.1\bin\msvcp120.dll
0x000000006c1f0000 - 0x000000006cc60000 	C:\Program Files\Java\jre-10.0.1\bin\server\jvm.dll
0x00007ffcab8a0000 - 0x00007ffcab8a8000 	C:\WINDOWS\System32\PSAPI.DLL
0x00007ffca5cb0000 - 0x00007ffca5cb9000 	C:\WINDOWS\SYSTEM32\WSOCK32.dll
0x00007ffcab940000 - 0x00007ffcab9ac000 	C:\WINDOWS\System32\WS2_32.dll
0x00007ffca5160000 - 0x00007ffca5183000 	C:\WINDOWS\SYSTEM32\WINMM.dll
0x00007ffca5030000 - 0x00007ffca505a000 	C:\WINDOWS\SYSTEM32\WINMMBASE.dll
0x00007ffcab270000 - 0x00007ffcab2ba000 	C:\WINDOWS\System32\cfgmgr32.dll
0x00007ffc90000000 - 0x00007ffc9000f000 	C:\Program Files\Java\jre-10.0.1\bin\verify.dll
0x00007ffca54e0000 - 0x00007ffca56a8000 	C:\WINDOWS\SYSTEM32\DBGHELP.DLL
0x00007ffc96740000 - 0x00007ffc96769000 	C:\WINDOWS\SYSTEM32\dbgcore.DLL
0x00007ffc80a30000 - 0x00007ffc80a57000 	C:\Program Files\Java\jre-10.0.1\bin\java.dll
0x00007ffc889f0000 - 0x00007ffc88a06000 	C:\Program Files\Java\jre-10.0.1\bin\zip.dll
0x00007ffc8f810000 - 0x00007ffc8f81a000 	C:\Program Files\Java\jre-10.0.1\bin\jimage.dll
0x00007ffcabe00000 - 0x00007ffcad238000 	C:\WINDOWS\System32\SHELL32.dll
0x00007ffcab9b0000 - 0x00007ffcaba56000 	C:\WINDOWS\System32\shcore.dll
0x00007ffcaaa70000 - 0x00007ffcab1b7000 	C:\WINDOWS\System32\windows.storage.dll
0x00007ffcab6e0000 - 0x00007ffcab731000 	C:\WINDOWS\System32\shlwapi.dll
0x00007ffcaa1d0000 - 0x00007ffcaa1e1000 	C:\WINDOWS\System32\kernel.appcore.dll
0x00007ffcaa160000 - 0x00007ffcaa1ac000 	C:\WINDOWS\System32\powrprof.dll
0x00007ffcaa1b0000 - 0x00007ffcaa1cb000 	C:\WINDOWS\System32\profapi.dll
0x00007ffc888a0000 - 0x00007ffc888ba000 	C:\Program Files\Java\jre-10.0.1\bin\net.dll
0x00007ffca6160000 - 0x00007ffca623e000 	C:\WINDOWS\SYSTEM32\WINHTTP.dll
0x00007ffca99d0000 - 0x00007ffca9a36000 	C:\WINDOWS\system32\mswsock.dll
0x00007ffc829c0000 - 0x00007ffc829d1000 	C:\Program Files\Java\jre-10.0.1\bin\nio.dll
0x0000000071100000 - 0x0000000071125000 	C:\Users\gatsj\.jssc\windows\jSSC-2.8_x86_64.dll

dbghelp: loaded successfully - version: 4.0.5 - missing functions: none
symbol engine: initialized successfully - sym options: 0x614 - pdb path: .;C:\Program Files (x86)\Common Files\Oracle\Java\javapath;C:\WINDOWS\SYSTEM32;C:\Program Files\AVAST Software\Avast\x64;C:\WINDOWS\WinSxS\amd64_microsoft.windows.common-controls_6595b64144ccf1df_6.0.16299.431_none_15c7d3ee93659e73;C:\Program Files\Java\jre-10.0.1\bin;C:\Program Files\Java\jre-10.0.1\bin\server;C:\Users\gatsj\.jssc\windows

VM Arguments:
java_command: FoClass
java_class_path (initial): .\3rd party\JavaSimpleSerialConnector\jssc-2.8.0.jar;.\3rd party\JavaMail\mail.jar;bin
Launcher Type: SUN_STANDARD

Logging:
Log output configuration:
#0: stdout all=warning uptime,level,tags
#1: stderr all=off uptime,level,tags

Environment Variables:
JAVA_HOME=C:\Program Files\Java\jdk-10.0.1
JRE_HOME=C:\Program Files\Java\jre-10.0.1
PATH=C:\Program Files (x86)\Common Files\Oracle\Java\javapath;C:\Windows\system32;C:\Windows;C:\Windows\System32\Wbem;C:\Windows\System32\WindowsPowerShell\v1.0\;C:\Program Files\Microsoft SQL Server\120\Tools\Binn\;C:\Program Files (x86)\Windows Kits\8.1\Windows Performance Toolkit\;C:\Program Files (x86)\NVIDIA Corporation\PhysX\Common;D:\Program Files\Git\cmd;C:\WINDOWS\system32;C:\WINDOWS;C:\WINDOWS\System32\Wbem;C:\WINDOWS\System32\WindowsPowerShell\v1.0\;C:\Program Files\Microsoft SQL Server\110\Tools\Binn\;C:\Program Files (x86)\Microsoft SDKs\TypeScript\1.0\;C:\Program Files\CMake\bin;C:\Users\gatsj\AppData\Local\Microsoft\WindowsApps;C:\Users\gatsj\AppData\Local\GitHubDesktop\bin;%USERPROFILE%\AppData\Local\Microsoft\WindowsApps;
USERNAME=gatsj
OS=Windows_NT
PROCESSOR_IDENTIFIER=Intel64 Family 6 Model 94 Stepping 3, GenuineIntel



---------------  S Y S T E M  ---------------

OS: Windows 10 , 64 bit Build 16299 (10.0.16299.431)

CPU:total 8 (initial active 8) (4 cores per cpu, 2 threads per core) family 6 model 94 stepping 3, cmov, cx8, fxsr, mmx, sse, sse2, sse3, ssse3, sse4.1, sse4.2, popcnt, avx, avx2, aes, clmul, erms, rtm, 3dnowpref, lzcnt, ht, tsc, tscinvbit, bmi1, bmi2, adx, fma

Memory: 4k page, physical 8278804k(3220468k free), swap 11686676k(3812208k free)

vm_info: Java HotSpot(TM) 64-Bit Server VM (10.0.1+10) for windows-amd64 JRE (10.0.1+10), built on Mar 27 2018 02:27:48 by "mach5one" with MS VC++ 12.0 (VS2013)

END.
